  DSCore.cpp
c:\users\антон\documents\visual studio 2017\projects\aquariusds\dscore\dscore\dscore.cpp(114): warning C4018: <: несоответствие типов со знаком и без знака
c:\users\антон\documents\visual studio 2017\projects\aquariusds\dscore\dscore\dscore.cpp(121): warning C4018: <: несоответствие типов со знаком и без знака
c:\users\антон\documents\visual studio 2017\projects\aquariusds\dscore\dscore\dscore.cpp(135): warning C4018: <: несоответствие типов со знаком и без знака
c:\users\антон\documents\visual studio 2017\projects\aquariusds\dscore\dscore\dscore.cpp(145): warning C4018: <: несоответствие типов со знаком и без знака
c:\users\антон\documents\visual studio 2017\projects\aquariusds\dscore\dscore\dscore.cpp(263): warning C4018: <: несоответствие типов со знаком и без знака
c:\users\антон\documents\visual studio 2017\projects\aquariusds\dscore\dscore\dscore.cpp(273): warning C4018: <: несоответствие типов со знаком и без знака
c:\users\антон\documents\visual studio 2017\projects\aquariusds\dscore\dscore\dscore.cpp(277): warning C4018: <: несоответствие типов со знаком и без знака
c:\users\антон\documents\visual studio 2017\projects\aquariusds\dscore\dscore\dscore.cpp(281): warning C4018: <: несоответствие типов со знаком и без знака
c:\users\антон\documents\visual studio 2017\projects\aquariusds\dscore\dscore\dscore.cpp(294): warning C4018: <: несоответствие типов со знаком и без знака
c:\users\антон\documents\visual studio 2017\projects\aquariusds\dscore\dscore\dscore.cpp(298): warning C4018: <: несоответствие типов со знаком и без знака
c:\users\антон\documents\visual studio 2017\projects\aquariusds\dscore\dscore\dscore.cpp(308): warning C4018: <: несоответствие типов со знаком и без знака
c:\users\антон\documents\visual studio 2017\projects\aquariusds\dscore\dscore\dscore.cpp(319): warning C4018: <: несоответствие типов со знаком и без знака
c:\users\антон\documents\visual studio 2017\projects\aquariusds\dscore\dscore\dscore.cpp(321): warning C4018: <: несоответствие типов со знаком и без знака
c:\users\антон\documents\visual studio 2017\projects\aquariusds\dscore\dscore\dscore.cpp(326): warning C4018: <: несоответствие типов со знаком и без знака
c:\users\антон\documents\visual studio 2017\projects\aquariusds\dscore\dscore\dscore.cpp(337): warning C4018: <: несоответствие типов со знаком и без знака
c:\users\антон\documents\visual studio 2017\projects\aquariusds\dscore\dscore\dscore.cpp(339): warning C4018: <: несоответствие типов со знаком и без знака
c:\users\антон\documents\visual studio 2017\projects\aquariusds\dscore\dscore\dscore.cpp(344): warning C4018: <: несоответствие типов со знаком и без знака
c:\users\антон\documents\visual studio 2017\projects\aquariusds\dscore\dscore\dscore.cpp(354): warning C4018: <: несоответствие типов со знаком и без знака
c:\users\антон\documents\visual studio 2017\projects\aquariusds\dscore\dscore\dscore.cpp(356): warning C4018: <: несоответствие типов со знаком и без знака
c:\users\антон\documents\visual studio 2017\projects\aquariusds\dscore\dscore\dscore.cpp(368): warning C4018: <: несоответствие типов со знаком и без знака
c:\users\антон\documents\visual studio 2017\projects\aquariusds\dscore\dscore\dscore.cpp(501): warning C4018: <: несоответствие типов со знаком и без знака
c:\users\антон\documents\visual studio 2017\projects\aquariusds\dscore\dscore\dscore.cpp(512): warning C4018: <: несоответствие типов со знаком и без знака
c:\users\антон\documents\visual studio 2017\projects\aquariusds\dscore\dscore\dscore.cpp(521): warning C4018: <: несоответствие типов со знаком и без знака
c:\users\антон\documents\visual studio 2017\projects\aquariusds\dscore\dscore\dscore.cpp(534): warning C4018: <: несоответствие типов со знаком и без знака
c:\users\антон\documents\visual studio 2017\projects\aquariusds\dscore\dscore\dscore.cpp(539): warning C4018: <: несоответствие типов со знаком и без знака
c:\users\антон\documents\visual studio 2017\projects\aquariusds\dscore\dscore\dscore.cpp(544): warning C4018: <: несоответствие типов со знаком и без знака
c:\users\антон\documents\visual studio 2017\projects\aquariusds\dscore\dscore\dscore.cpp(547): warning C4018: <: несоответствие типов со знаком и без знака
c:\users\антон\documents\visual studio 2017\projects\aquariusds\dscore\dscore\dscore.cpp(555): warning C4018: <: несоответствие типов со знаком и без знака
c:\users\антон\documents\visual studio 2017\projects\aquariusds\dscore\dscore\dscore.cpp(564): warning C4018: <: несоответствие типов со знаком и без знака
c:\users\антон\documents\visual studio 2017\projects\aquariusds\dscore\dscore\dscore.cpp(572): warning C4018: <: несоответствие типов со знаком и без знака
c:\users\антон\documents\visual studio 2017\projects\aquariusds\dscore\dscore\dscore.cpp(600): warning C4018: <: несоответствие типов со знаком и без знака
c:\users\антон\documents\visual studio 2017\projects\aquariusds\dscore\dscore\dscore.cpp(625): warning C4018: <: несоответствие типов со знаком и без знака
c:\users\антон\documents\visual studio 2017\projects\aquariusds\dscore\dscore\dscore.cpp(629): warning C4018: <: несоответствие типов со знаком и без знака
c:\users\антон\documents\visual studio 2017\projects\aquariusds\dscore\dscore\dscore.cpp(640): warning C4018: <: несоответствие типов со знаком и без знака
c:\users\антон\documents\visual studio 2017\projects\aquariusds\dscore\dscore\dscore.cpp(644): warning C4018: <: несоответствие типов со знаком и без знака
c:\users\антон\documents\visual studio 2017\projects\aquariusds\dscore\dscore\dscore.cpp(655): warning C4018: <: несоответствие типов со знаком и без знака
c:\users\антон\documents\visual studio 2017\projects\aquariusds\dscore\dscore\dscore.cpp(659): warning C4018: <: несоответствие типов со знаком и без знака
c:\users\антон\documents\visual studio 2017\projects\aquariusds\dscore\dscore\dscore.cpp(672): warning C4018: <: несоответствие типов со знаком и без знака
c:\users\антон\documents\visual studio 2017\projects\aquariusds\dscore\dscore\dscore.cpp(682): warning C4018: <: несоответствие типов со знаком и без знака
c:\users\антон\documents\visual studio 2017\projects\aquariusds\dscore\dscore\dscore.cpp(692): warning C4018: <: несоответствие типов со знаком и без знака
c:\users\антон\documents\visual studio 2017\projects\aquariusds\dscore\dscore\dscore.cpp(701): warning C4018: <: несоответствие типов со знаком и без знака
c:\users\антон\documents\visual studio 2017\projects\aquariusds\dscore\dscore\dscore.cpp(708): warning C4018: <: несоответствие типов со знаком и без знака
  Создание кода...
c:\users\антон\documents\visual studio 2017\projects\aquariusds\dscore\dscore\dscore.cpp(677): warning C4172: возвращение адреса локальной или временной переменной : A
c:\users\антон\documents\visual studio 2017\projects\aquariusds\dscore\dscore\dscore.cpp(687): warning C4172: возвращение адреса локальной или временной переменной : C
c:\users\антон\documents\visual studio 2017\projects\aquariusds\dscore\dscore\dscore.cpp(697): warning C4172: возвращение адреса локальной или временной переменной : C
  Пропуск... (изменения не обнаружены)
  Main.cpp
  DSCore.vcxproj -> C:\Users\Антон\Documents\Visual Studio 2017\Projects\AquariusDS\DSCore\Debug\DSCore.exe
  DSCore.vcxproj -> C:\Users\Антон\Documents\Visual Studio 2017\Projects\AquariusDS\DSCore\Debug\DSCore.pdb (Partial PDB)
