  DSCoreWrapper.cpp
C:\Users\Антон\Documents\Visual Studio 2017\Projects\AquariusDS\DSCore\DSCore\DSCore.cpp(114): warning C4018: <: несоответствие типов со знаком и без знака
C:\Users\Антон\Documents\Visual Studio 2017\Projects\AquariusDS\DSCore\DSCore\DSCore.cpp(121): warning C4018: <: несоответствие типов со знаком и без знака
C:\Users\Антон\Documents\Visual Studio 2017\Projects\AquariusDS\DSCore\DSCore\DSCore.cpp(135): warning C4018: <: несоответствие типов со знаком и без знака
C:\Users\Антон\Documents\Visual Studio 2017\Projects\AquariusDS\DSCore\DSCore\DSCore.cpp(145): warning C4018: <: несоответствие типов со знаком и без знака
C:\Users\Антон\Documents\Visual Studio 2017\Projects\AquariusDS\DSCore\DSCore\DSCore.cpp(246): warning C4018: <: несоответствие типов со знаком и без знака
C:\Users\Антон\Documents\Visual Studio 2017\Projects\AquariusDS\DSCore\DSCore\DSCore.cpp(268): warning C4018: <: несоответствие типов со знаком и без знака
C:\Users\Антон\Documents\Visual Studio 2017\Projects\AquariusDS\DSCore\DSCore\DSCore.cpp(272): warning C4018: <: несоответствие типов со знаком и без знака
C:\Users\Антон\Documents\Visual Studio 2017\Projects\AquariusDS\DSCore\DSCore\DSCore.cpp(276): warning C4018: <: несоответствие типов со знаком и без знака
C:\Users\Антон\Documents\Visual Studio 2017\Projects\AquariusDS\DSCore\DSCore\DSCore.cpp(289): warning C4018: <: несоответствие типов со знаком и без знака
C:\Users\Антон\Documents\Visual Studio 2017\Projects\AquariusDS\DSCore\DSCore\DSCore.cpp(293): warning C4018: <: несоответствие типов со знаком и без знака
C:\Users\Антон\Documents\Visual Studio 2017\Projects\AquariusDS\DSCore\DSCore\DSCore.cpp(303): warning C4018: <: несоответствие типов со знаком и без знака
C:\Users\Антон\Documents\Visual Studio 2017\Projects\AquariusDS\DSCore\DSCore\DSCore.cpp(314): warning C4018: <: несоответствие типов со знаком и без знака
C:\Users\Антон\Documents\Visual Studio 2017\Projects\AquariusDS\DSCore\DSCore\DSCore.cpp(316): warning C4018: <: несоответствие типов со знаком и без знака
C:\Users\Антон\Documents\Visual Studio 2017\Projects\AquariusDS\DSCore\DSCore\DSCore.cpp(321): warning C4018: <: несоответствие типов со знаком и без знака
C:\Users\Антон\Documents\Visual Studio 2017\Projects\AquariusDS\DSCore\DSCore\DSCore.cpp(332): warning C4018: <: несоответствие типов со знаком и без знака
C:\Users\Антон\Documents\Visual Studio 2017\Projects\AquariusDS\DSCore\DSCore\DSCore.cpp(334): warning C4018: <: несоответствие типов со знаком и без знака
C:\Users\Антон\Documents\Visual Studio 2017\Projects\AquariusDS\DSCore\DSCore\DSCore.cpp(339): warning C4018: <: несоответствие типов со знаком и без знака
C:\Users\Антон\Documents\Visual Studio 2017\Projects\AquariusDS\DSCore\DSCore\DSCore.cpp(349): warning C4018: <: несоответствие типов со знаком и без знака
C:\Users\Антон\Documents\Visual Studio 2017\Projects\AquariusDS\DSCore\DSCore\DSCore.cpp(351): warning C4018: <: несоответствие типов со знаком и без знака
C:\Users\Антон\Documents\Visual Studio 2017\Projects\AquariusDS\DSCore\DSCore\DSCore.cpp(363): warning C4018: <: несоответствие типов со знаком и без знака
C:\Users\Антон\Documents\Visual Studio 2017\Projects\AquariusDS\DSCore\DSCore\DSCore.cpp(496): warning C4018: <: несоответствие типов со знаком и без знака
C:\Users\Антон\Documents\Visual Studio 2017\Projects\AquariusDS\DSCore\DSCore\DSCore.cpp(507): warning C4018: <: несоответствие типов со знаком и без знака
C:\Users\Антон\Documents\Visual Studio 2017\Projects\AquariusDS\DSCore\DSCore\DSCore.cpp(516): warning C4018: <: несоответствие типов со знаком и без знака
C:\Users\Антон\Documents\Visual Studio 2017\Projects\AquariusDS\DSCore\DSCore\DSCore.cpp(529): warning C4018: <: несоответствие типов со знаком и без знака
C:\Users\Антон\Documents\Visual Studio 2017\Projects\AquariusDS\DSCore\DSCore\DSCore.cpp(534): warning C4018: <: несоответствие типов со знаком и без знака
C:\Users\Антон\Documents\Visual Studio 2017\Projects\AquariusDS\DSCore\DSCore\DSCore.cpp(539): warning C4018: <: несоответствие типов со знаком и без знака
C:\Users\Антон\Documents\Visual Studio 2017\Projects\AquariusDS\DSCore\DSCore\DSCore.cpp(542): warning C4018: <: несоответствие типов со знаком и без знака
C:\Users\Антон\Documents\Visual Studio 2017\Projects\AquariusDS\DSCore\DSCore\DSCore.cpp(550): warning C4018: <: несоответствие типов со знаком и без знака
C:\Users\Антон\Documents\Visual Studio 2017\Projects\AquariusDS\DSCore\DSCore\DSCore.cpp(559): warning C4018: <: несоответствие типов со знаком и без знака
C:\Users\Антон\Documents\Visual Studio 2017\Projects\AquariusDS\DSCore\DSCore\DSCore.cpp(567): warning C4018: <: несоответствие типов со знаком и без знака
C:\Users\Антон\Documents\Visual Studio 2017\Projects\AquariusDS\DSCore\DSCore\DSCore.cpp(595): warning C4018: <: несоответствие типов со знаком и без знака
C:\Users\Антон\Documents\Visual Studio 2017\Projects\AquariusDS\DSCore\DSCore\DSCore.cpp(620): warning C4018: <: несоответствие типов со знаком и без знака
C:\Users\Антон\Documents\Visual Studio 2017\Projects\AquariusDS\DSCore\DSCore\DSCore.cpp(624): warning C4018: <: несоответствие типов со знаком и без знака
C:\Users\Антон\Documents\Visual Studio 2017\Projects\AquariusDS\DSCore\DSCore\DSCore.cpp(635): warning C4018: <: несоответствие типов со знаком и без знака
C:\Users\Антон\Documents\Visual Studio 2017\Projects\AquariusDS\DSCore\DSCore\DSCore.cpp(639): warning C4018: <: несоответствие типов со знаком и без знака
C:\Users\Антон\Documents\Visual Studio 2017\Projects\AquariusDS\DSCore\DSCore\DSCore.cpp(650): warning C4018: <: несоответствие типов со знаком и без знака
C:\Users\Антон\Documents\Visual Studio 2017\Projects\AquariusDS\DSCore\DSCore\DSCore.cpp(654): warning C4018: <: несоответствие типов со знаком и без знака
C:\Users\Антон\Documents\Visual Studio 2017\Projects\AquariusDS\DSCore\DSCore\DSCore.cpp(667): warning C4018: <: несоответствие типов со знаком и без знака
C:\Users\Антон\Documents\Visual Studio 2017\Projects\AquariusDS\DSCore\DSCore\DSCore.cpp(677): warning C4018: <: несоответствие типов со знаком и без знака
C:\Users\Антон\Documents\Visual Studio 2017\Projects\AquariusDS\DSCore\DSCore\DSCore.cpp(687): warning C4018: <: несоответствие типов со знаком и без знака
C:\Users\Антон\Documents\Visual Studio 2017\Projects\AquariusDS\DSCore\DSCore\DSCore.cpp(696): warning C4018: <: несоответствие типов со знаком и без знака
C:\Users\Антон\Documents\Visual Studio 2017\Projects\AquariusDS\DSCore\DSCore\DSCore.cpp(703): warning C4018: <: несоответствие типов со знаком и без знака
DSCoreWrapper.cpp(233): warning C4018: <: несоответствие типов со знаком и без знака
DSCoreWrapper.cpp(246): warning C4018: <: несоответствие типов со знаком и без знака
DSCoreWrapper.cpp(259): warning C4018: <: несоответствие типов со знаком и без знака
c:\users\антон\documents\visual studio 2017\projects\aquariusds\dscore\dscore\resources\tinyxml2\tinyxml2.cpp(2326): warning C4793: tinyxml2::XMLPrinter::Print: функция скомпилирована как машинная:
  	varargs не поддерживаются в /clr
c:\users\антон\documents\visual studio 2017\projects\aquariusds\dscore\dscore\resources\tinyxml2\tinyxml2.cpp(2328): warning C4793: tinyxml2::XMLPrinter::Print: функция скомпилирована как машинная:
  	Обнаружена встроенная функция, которая не поддерживается в управляемом коде
c:\users\антон\documents\visual studio 2017\projects\aquariusds\dscore\dscore\resources\tinyxml2\tinyxml2.cpp(2336): warning C4793: tinyxml2::XMLPrinter::Print: функция скомпилирована как машинная:
  	Обнаружена встроенная функция, которая не поддерживается в управляемом коде
c:\users\антон\documents\visual studio 2017\projects\aquariusds\dscore\dscore\resources\tinyxml2\tinyxml2.cpp(2338): warning C4793: tinyxml2::XMLPrinter::Print: функция скомпилирована как машинная:
  	Обнаружена встроенная функция, которая не поддерживается в управляемом коде
c:\users\антон\documents\visual studio 2017\projects\aquariusds\dscore\dscore\resources\tinyxml2\tinyxml2.cpp(2343): warning C4793: tinyxml2::XMLPrinter::Print: функция скомпилирована как машинная:
  	Обнаружена встроенная функция, которая не поддерживается в управляемом коде
c:\users\антон\documents\visual studio 2017\projects\aquariusds\dscore\dscore\dscore.cpp(672): warning C4172: возвращение адреса локальной или временной переменной : A
c:\users\антон\documents\visual studio 2017\projects\aquariusds\dscore\dscore\dscore.cpp(682): warning C4172: возвращение адреса локальной или временной переменной : C
c:\users\антон\documents\visual studio 2017\projects\aquariusds\dscore\dscore\dscore.cpp(692): warning C4172: возвращение адреса локальной или временной переменной : C
c:\users\антон\documents\visual studio 2017\projects\aquariusds\dscore\dscore\resources\tinyxml2\tinyxml2.cpp(45): warning C4793: `anonymous namespace'::TIXML_SNPRINTF: функция скомпилирована как машинная:
  	varargs не поддерживаются в /clr
c:\users\антон\documents\visual studio 2017\projects\aquariusds\dscore\dscore\resources\tinyxml2\tinyxml2.cpp(47): warning C4793: `anonymous namespace'::TIXML_SNPRINTF: функция скомпилирована как машинная:
  	Обнаружена встроенная функция, которая не поддерживается в управляемом коде
c:\users\антон\documents\visual studio 2017\projects\aquariusds\dscore\dscore\resources\tinyxml2\tinyxml2.cpp(49): warning C4793: `anonymous namespace'::TIXML_SNPRINTF: функция скомпилирована как машинная:
  	Обнаружена встроенная функция, которая не поддерживается в управляемом коде
  DSCoreWrapper.vcxproj -> C:\Users\Антон\Documents\Visual Studio 2017\Projects\AquariusDS\DSCoreWrapper\Debug\DSCoreWrapper.dll
